

/*
	Generated by the Particle Editor.
	To use the particle editor, launch the game and type 'editParticles' on the console.
*/
particle uw_mist_cloud {
	{
		count				8
		material			textures/particles/dustcloud
		time				10.000
		cycles				0.000
		bunching			0.000
		distribution		sphere 8.000 8.000 8.000 
		direction			outward "0.000" 
		orientation			view 
		speed				 "8.000"  to "0.000"
		size				 "5.000"  to "100.000"
		aspect				 "1.000" 
		rotation				 "9.000"  to "15.000"
		randomDistribution				1
		boundsExpansion				0.000
		fadeIn				0.000
		fadeOut				1.000
		fadeIndex				0.000
		color 				0.110 0.210 0.100 0.000
		fadeColor 			0.000 0.000 0.000 0.000
		offset 				0.000 0.000 0.000
		gravity 			0.000
	}
}